2019-06-11 21:31:21,568 [Worker-10] INFO  o.e.m.c.i.l.LifecycleMappingFactory - Using org.eclipse.m2e.jdt.JarLifecycleMapping lifecycle mapping for MavenProject: com.example:demo:0.0.1-SNAPSHOT @ /Users/venubabukandimalla/Software/sts-ws4/samples/demo/pom.xml.
2019-06-11 21:31:22,466 [Worker-10] INFO  o.e.m.j.i.AbstractJavaProjectConfigurator - Adding source folder /demo/src/main/java
2019-06-11 21:31:22,467 [Worker-10] INFO  o.e.m.j.i.AbstractJavaProjectConfigurator - Adding resource folder /demo/src/main/resources
2019-06-11 21:31:22,471 [Worker-10] INFO  o.e.m.j.i.AbstractJavaProjectConfigurator - Adding resource folder /demo/src/main/resources
2019-06-11 21:31:22,476 [Worker-10] INFO  o.e.m.j.i.AbstractJavaProjectConfigurator - Adding source folder /demo/src/test/java
2019-06-11 21:31:22,677 [Worker-10] INFO  o.e.m.c.i.p.ProjectConfigurationManager - Imported and configured 1 project(s) in 2 sec
2019-06-11 21:31:22,679 [Worker-10] INFO  o.e.m.c.i.p.ProjectConfigurationManager - Update started
2019-06-11 21:31:23,035 [Worker-10] INFO  o.e.m.c.i.l.LifecycleMappingFactory - Using org.eclipse.m2e.jdt.JarLifecycleMapping lifecycle mapping for MavenProject: com.example:demo:0.0.1-SNAPSHOT @ /Users/venubabukandimalla/Software/sts-ws4/samples/demo/pom.xml.
2019-06-11 21:31:23,610 [Worker-10] INFO  o.e.m.j.i.AbstractJavaProjectConfigurator - Adding source folder /demo/src/main/java
2019-06-11 21:31:23,611 [Worker-10] INFO  o.e.m.j.i.AbstractJavaProjectConfigurator - Adding resource folder /demo/src/main/resources
2019-06-11 21:31:23,612 [Worker-10] INFO  o.e.m.j.i.AbstractJavaProjectConfigurator - Adding resource folder /demo/src/main/resources
2019-06-11 21:31:23,614 [Worker-10] INFO  o.e.m.j.i.AbstractJavaProjectConfigurator - Adding source folder /demo/src/test/java
2019-06-11 21:31:23,732 [Worker-10] INFO  o.e.m.c.i.p.ProjectConfigurationManager - Update completed: 1 sec
2019-06-11 21:31:24,898 [Worker-1] INFO  o.e.m.c.i.embedder.EclipseLogger - Using 'UTF-8' encoding to copy filtered resources.
2019-06-11 21:31:24,904 [Worker-1] INFO  o.e.m.c.i.embedder.EclipseLogger - Copying 1 resource
2019-06-11 21:31:24,913 [Worker-1] INFO  o.e.m.c.i.embedder.EclipseLogger - Copying 0 resource
2019-06-11 21:31:24,915 [Worker-1] INFO  o.e.m.c.i.embedder.EclipseLogger - Using 'UTF-8' encoding to copy filtered resources.
2019-06-11 21:31:24,915 [Worker-1] INFO  o.e.m.c.i.embedder.EclipseLogger - skip non existing resourceDirectory /Users/venubabukandimalla/Software/sts-ws4/samples/demo/src/test/resources
2019-06-11 21:31:26,060 [Worker-1] INFO  o.e.m.c.i.embedder.EclipseLogger - Using 'UTF-8' encoding to copy filtered resources.
2019-06-11 21:31:26,061 [Worker-1] INFO  o.e.m.c.i.embedder.EclipseLogger - Copying 0 resource
2019-06-11 21:31:26,061 [Worker-1] INFO  o.e.m.c.i.embedder.EclipseLogger - Copying 0 resource
2019-06-11 21:31:26,063 [Worker-1] INFO  o.e.m.c.i.embedder.EclipseLogger - Using 'UTF-8' encoding to copy filtered resources.
2019-06-11 21:31:26,063 [Worker-1] INFO  o.e.m.c.i.embedder.EclipseLogger - skip non existing resourceDirectory /Users/venubabukandimalla/Software/sts-ws4/samples/demo/src/test/resources
2019-06-11 21:32:12,089 [Worker-5] INFO  o.e.m.c.i.l.LifecycleMappingFactory - Using org.eclipse.m2e.jdt.JarLifecycleMapping lifecycle mapping for MavenProject: com.example:demo:0.0.1-SNAPSHOT @ /Users/venubabukandimalla/Software/sts-ws4/samples/demo/pom.xml.
2019-06-11 21:32:13,371 [Worker-5] INFO  o.e.m.c.i.embedder.EclipseLogger - Using 'UTF-8' encoding to copy filtered resources.
2019-06-11 21:32:13,372 [Worker-5] INFO  o.e.m.c.i.embedder.EclipseLogger - Copying 0 resource
2019-06-11 21:32:13,373 [Worker-5] INFO  o.e.m.c.i.embedder.EclipseLogger - Copying 0 resource
2019-06-11 21:32:13,374 [Worker-5] INFO  o.e.m.c.i.embedder.EclipseLogger - Using 'UTF-8' encoding to copy filtered resources.
2019-06-11 21:32:13,374 [Worker-5] INFO  o.e.m.c.i.embedder.EclipseLogger - skip non existing resourceDirectory /Users/venubabukandimalla/Software/sts-ws4/samples/demo/src/test/resources
2019-06-11 21:32:14,799 [Worker-7] INFO  o.e.m.c.i.l.LifecycleMappingFactory - Using org.eclipse.m2e.jdt.JarLifecycleMapping lifecycle mapping for MavenProject: com.example:demo:0.0.1-SNAPSHOT @ /Users/venubabukandimalla/Software/sts-ws4/samples/demo/pom.xml.
2019-06-11 21:32:15,236 [Worker-7] INFO  o.e.m.c.i.embedder.EclipseLogger - Using 'UTF-8' encoding to copy filtered resources.
2019-06-11 21:32:15,238 [Worker-7] INFO  o.e.m.c.i.embedder.EclipseLogger - Copying 0 resource
2019-06-11 21:32:15,238 [Worker-7] INFO  o.e.m.c.i.embedder.EclipseLogger - Copying 0 resource
2019-06-11 21:32:15,239 [Worker-7] INFO  o.e.m.c.i.embedder.EclipseLogger - Using 'UTF-8' encoding to copy filtered resources.
2019-06-11 21:32:15,240 [Worker-7] INFO  o.e.m.c.i.embedder.EclipseLogger - skip non existing resourceDirectory /Users/venubabukandimalla/Software/sts-ws4/samples/demo/src/test/resources
2019-06-11 21:34:06,393 [Worker-8] INFO  o.e.m.c.i.embedder.EclipseLogger - Using 'UTF-8' encoding to copy filtered resources.
2019-06-11 21:34:06,394 [Worker-8] INFO  o.e.m.c.i.embedder.EclipseLogger - Copying 1 resource
2019-06-11 21:34:06,404 [Worker-8] INFO  o.e.m.c.i.embedder.EclipseLogger - Copying 0 resource
2019-06-11 21:34:06,405 [Worker-8] INFO  o.e.m.c.i.embedder.EclipseLogger - Using 'UTF-8' encoding to copy filtered resources.
2019-06-11 21:34:06,405 [Worker-8] INFO  o.e.m.c.i.embedder.EclipseLogger - skip non existing resourceDirectory /Users/venubabukandimalla/Software/sts-ws4/samples/demo/src/test/resources
2019-06-11 21:34:54,728 [Worker-3] INFO  o.e.m.c.i.embedder.EclipseLogger - Using 'UTF-8' encoding to copy filtered resources.
2019-06-11 21:34:54,729 [Worker-3] INFO  o.e.m.c.i.embedder.EclipseLogger - Copying 1 resource
2019-06-11 21:34:54,730 [Worker-3] INFO  o.e.m.c.i.embedder.EclipseLogger - Copying 0 resource
2019-06-11 21:34:54,731 [Worker-3] INFO  o.e.m.c.i.embedder.EclipseLogger - Using 'UTF-8' encoding to copy filtered resources.
2019-06-11 21:34:54,731 [Worker-3] INFO  o.e.m.c.i.embedder.EclipseLogger - skip non existing resourceDirectory /Users/venubabukandimalla/Software/sts-ws4/samples/demo/src/test/resources
2019-06-11 21:35:54,169 [Worker-7] INFO  o.e.m.c.i.embedder.EclipseLogger - Using 'UTF-8' encoding to copy filtered resources.
2019-06-11 21:35:54,170 [Worker-7] INFO  o.e.m.c.i.embedder.EclipseLogger - Copying 1 resource
2019-06-11 21:35:54,170 [Worker-7] INFO  o.e.m.c.i.embedder.EclipseLogger - Copying 0 resource
2019-06-11 21:35:54,171 [Worker-7] INFO  o.e.m.c.i.embedder.EclipseLogger - Using 'UTF-8' encoding to copy filtered resources.
2019-06-11 21:35:54,171 [Worker-7] INFO  o.e.m.c.i.embedder.EclipseLogger - skip non existing resourceDirectory /Users/venubabukandimalla/Software/sts-ws4/samples/demo/src/test/resources
2019-06-11 21:36:21,745 [Worker-6] INFO  o.e.m.c.i.embedder.EclipseLogger - Using 'UTF-8' encoding to copy filtered resources.
2019-06-11 21:36:21,745 [Worker-6] INFO  o.e.m.c.i.embedder.EclipseLogger - Copying 1 resource
2019-06-11 21:36:21,746 [Worker-6] INFO  o.e.m.c.i.embedder.EclipseLogger - Copying 0 resource
2019-06-11 21:36:21,750 [Worker-6] INFO  o.e.m.c.i.embedder.EclipseLogger - Using 'UTF-8' encoding to copy filtered resources.
2019-06-11 21:36:21,750 [Worker-6] INFO  o.e.m.c.i.embedder.EclipseLogger - skip non existing resourceDirectory /Users/venubabukandimalla/Software/sts-ws4/samples/demo/src/test/resources
2019-06-11 21:37:43,798 [Worker-0] INFO  o.e.m.c.i.embedder.EclipseLogger - Using 'UTF-8' encoding to copy filtered resources.
2019-06-11 21:37:43,798 [Worker-0] INFO  o.e.m.c.i.embedder.EclipseLogger - Copying 1 resource
2019-06-11 21:37:43,799 [Worker-0] INFO  o.e.m.c.i.embedder.EclipseLogger - Copying 0 resource
2019-06-11 21:37:43,800 [Worker-0] INFO  o.e.m.c.i.embedder.EclipseLogger - Using 'UTF-8' encoding to copy filtered resources.
2019-06-11 21:37:43,800 [Worker-0] INFO  o.e.m.c.i.embedder.EclipseLogger - skip non existing resourceDirectory /Users/venubabukandimalla/Software/sts-ws4/samples/demo/src/test/resources
2019-06-11 21:38:12,582 [Worker-11] INFO  o.e.m.c.i.embedder.EclipseLogger - Using 'UTF-8' encoding to copy filtered resources.
2019-06-11 21:38:12,583 [Worker-11] INFO  o.e.m.c.i.embedder.EclipseLogger - Copying 1 resource
2019-06-11 21:38:12,583 [Worker-11] INFO  o.e.m.c.i.embedder.EclipseLogger - Copying 0 resource
2019-06-11 21:38:12,584 [Worker-11] INFO  o.e.m.c.i.embedder.EclipseLogger - Using 'UTF-8' encoding to copy filtered resources.
2019-06-11 21:38:12,584 [Worker-11] INFO  o.e.m.c.i.embedder.EclipseLogger - skip non existing resourceDirectory /Users/venubabukandimalla/Software/sts-ws4/samples/demo/src/test/resources
2019-06-11 21:39:12,934 [Worker-11] INFO  o.e.m.c.i.embedder.EclipseLogger - Using 'UTF-8' encoding to copy filtered resources.
2019-06-11 21:39:12,934 [Worker-11] INFO  o.e.m.c.i.embedder.EclipseLogger - Copying 1 resource
2019-06-11 21:39:12,935 [Worker-11] INFO  o.e.m.c.i.embedder.EclipseLogger - Copying 0 resource
2019-06-11 21:39:12,938 [Worker-11] INFO  o.e.m.c.i.embedder.EclipseLogger - Using 'UTF-8' encoding to copy filtered resources.
2019-06-11 21:39:12,938 [Worker-11] INFO  o.e.m.c.i.embedder.EclipseLogger - skip non existing resourceDirectory /Users/venubabukandimalla/Software/sts-ws4/samples/demo/src/test/resources
2019-06-11 22:06:47,078 [Worker-13] INFO  o.e.m.c.i.embedder.EclipseLogger - Using 'UTF-8' encoding to copy filtered resources.
2019-06-11 22:06:47,079 [Worker-13] INFO  o.e.m.c.i.embedder.EclipseLogger - Copying 0 resource
2019-06-11 22:06:47,079 [Worker-13] INFO  o.e.m.c.i.embedder.EclipseLogger - Copying 0 resource
2019-06-11 22:06:47,080 [Worker-13] INFO  o.e.m.c.i.embedder.EclipseLogger - Using 'UTF-8' encoding to copy filtered resources.
2019-06-11 22:06:47,080 [Worker-13] INFO  o.e.m.c.i.embedder.EclipseLogger - skip non existing resourceDirectory /Users/venubabukandimalla/Software/sts-ws4/samples/demo/src/test/resources
2019-06-11 22:07:14,500 [Worker-20] INFO  o.e.m.c.i.embedder.EclipseLogger - Using 'UTF-8' encoding to copy filtered resources.
2019-06-11 22:07:14,500 [Worker-20] INFO  o.e.m.c.i.embedder.EclipseLogger - Copying 0 resource
2019-06-11 22:07:14,501 [Worker-20] INFO  o.e.m.c.i.embedder.EclipseLogger - Copying 0 resource
2019-06-11 22:07:14,502 [Worker-20] INFO  o.e.m.c.i.embedder.EclipseLogger - Using 'UTF-8' encoding to copy filtered resources.
2019-06-11 22:07:14,502 [Worker-20] INFO  o.e.m.c.i.embedder.EclipseLogger - skip non existing resourceDirectory /Users/venubabukandimalla/Software/sts-ws4/samples/demo/src/test/resources
2019-06-11 22:08:37,369 [Worker-13] INFO  o.e.m.c.i.embedder.EclipseLogger - Using 'UTF-8' encoding to copy filtered resources.
2019-06-11 22:08:37,369 [Worker-13] INFO  o.e.m.c.i.embedder.EclipseLogger - Copying 0 resource
2019-06-11 22:08:37,369 [Worker-13] INFO  o.e.m.c.i.embedder.EclipseLogger - Copying 0 resource
2019-06-11 22:08:37,371 [Worker-13] INFO  o.e.m.c.i.embedder.EclipseLogger - Using 'UTF-8' encoding to copy filtered resources.
2019-06-11 22:08:37,371 [Worker-13] INFO  o.e.m.c.i.embedder.EclipseLogger - skip non existing resourceDirectory /Users/venubabukandimalla/Software/sts-ws4/samples/demo/src/test/resources
2019-06-11 22:09:02,428 [Worker-20] INFO  o.e.m.c.i.embedder.EclipseLogger - Using 'UTF-8' encoding to copy filtered resources.
2019-06-11 22:09:02,428 [Worker-20] INFO  o.e.m.c.i.embedder.EclipseLogger - Copying 0 resource
2019-06-11 22:09:02,428 [Worker-20] INFO  o.e.m.c.i.embedder.EclipseLogger - Copying 0 resource
2019-06-11 22:09:02,429 [Worker-20] INFO  o.e.m.c.i.embedder.EclipseLogger - Using 'UTF-8' encoding to copy filtered resources.
2019-06-11 22:09:02,429 [Worker-20] INFO  o.e.m.c.i.embedder.EclipseLogger - skip non existing resourceDirectory /Users/venubabukandimalla/Software/sts-ws4/samples/demo/src/test/resources
2019-06-11 22:09:08,847 [Worker-20] INFO  o.e.m.c.i.embedder.EclipseLogger - Using 'UTF-8' encoding to copy filtered resources.
2019-06-11 22:09:08,847 [Worker-20] INFO  o.e.m.c.i.embedder.EclipseLogger - Copying 0 resource
2019-06-11 22:09:08,847 [Worker-20] INFO  o.e.m.c.i.embedder.EclipseLogger - Copying 0 resource
2019-06-11 22:09:08,848 [Worker-20] INFO  o.e.m.c.i.embedder.EclipseLogger - Using 'UTF-8' encoding to copy filtered resources.
2019-06-11 22:09:08,848 [Worker-20] INFO  o.e.m.c.i.embedder.EclipseLogger - skip non existing resourceDirectory /Users/venubabukandimalla/Software/sts-ws4/samples/demo/src/test/resources
2019-06-11 22:15:31,536 [Worker-23] INFO  o.e.m.c.i.e.AbstractTransferListenerAdapter - Downloading https://repo.maven.apache.org/maven2/org/codehaus/mojo/cobertura-maven-plugin/2.7/cobertura-maven-plugin-2.7.pom
2019-06-11 22:15:31,581 [Worker-23] INFO  o.e.m.c.i.e.AbstractTransferListenerAdapter - Downloaded https://repo.maven.apache.org/maven2/org/codehaus/mojo/cobertura-maven-plugin/2.7/cobertura-maven-plugin-2.7.pom
2019-06-11 22:15:31,609 [Worker-23] INFO  o.e.m.c.i.e.AbstractTransferListenerAdapter - Downloading https://repo.maven.apache.org/maven2/org/codehaus/mojo/mojo-parent/34/mojo-parent-34.pom
2019-06-11 22:15:31,640 [Worker-23] INFO  o.e.m.c.i.e.AbstractTransferListenerAdapter - Downloaded https://repo.maven.apache.org/maven2/org/codehaus/mojo/mojo-parent/34/mojo-parent-34.pom
2019-06-11 22:15:31,669 [Worker-23] INFO  o.e.m.c.i.e.AbstractTransferListenerAdapter - Downloading https://repo.maven.apache.org/maven2/org/codehaus/codehaus-parent/4/codehaus-parent-4.pom
2019-06-11 22:15:31,696 [Worker-23] INFO  o.e.m.c.i.e.AbstractTransferListenerAdapter - Downloaded https://repo.maven.apache.org/maven2/org/codehaus/codehaus-parent/4/codehaus-parent-4.pom
2019-06-11 22:15:31,729 [Worker-23] INFO  o.e.m.c.i.e.AbstractTransferListenerAdapter - Downloading https://repo.maven.apache.org/maven2/org/codehaus/mojo/cobertura-maven-plugin/2.7/cobertura-maven-plugin-2.7.jar
2019-06-11 22:15:31,780 [Worker-23] INFO  o.e.m.c.i.e.AbstractTransferListenerAdapter - Downloaded https://repo.maven.apache.org/maven2/org/codehaus/mojo/cobertura-maven-plugin/2.7/cobertura-maven-plugin-2.7.jar
2019-06-11 22:15:32,111 [Worker-23] INFO  o.e.m.c.i.l.LifecycleMappingFactory - Using org.eclipse.m2e.jdt.JarLifecycleMapping lifecycle mapping for MavenProject: com.example:demo:0.0.1-SNAPSHOT @ /Users/venubabukandimalla/Software/sts-ws4/samples/demo/pom.xml.
2019-06-11 22:15:32,693 [Worker-23] INFO  o.e.m.c.i.embedder.EclipseLogger - Using 'UTF-8' encoding to copy filtered resources.
2019-06-11 22:15:32,695 [Worker-23] INFO  o.e.m.c.i.embedder.EclipseLogger - Copying 0 resource
2019-06-11 22:15:32,695 [Worker-23] INFO  o.e.m.c.i.embedder.EclipseLogger - Copying 0 resource
2019-06-11 22:15:32,696 [Worker-23] INFO  o.e.m.c.i.embedder.EclipseLogger - Using 'UTF-8' encoding to copy filtered resources.
2019-06-11 22:15:32,697 [Worker-23] INFO  o.e.m.c.i.embedder.EclipseLogger - skip non existing resourceDirectory /Users/venubabukandimalla/Software/sts-ws4/samples/demo/src/test/resources
2019-06-11 22:15:58,497 [Worker-26] INFO  o.e.m.c.i.l.LifecycleMappingFactory - Using org.eclipse.m2e.jdt.JarLifecycleMapping lifecycle mapping for MavenProject: com.example:demo:0.0.1-SNAPSHOT @ /Users/venubabukandimalla/Software/sts-ws4/samples/demo/pom.xml.
2019-06-11 22:15:58,885 [Worker-26] INFO  o.e.m.c.i.embedder.EclipseLogger - Using 'UTF-8' encoding to copy filtered resources.
2019-06-11 22:15:58,887 [Worker-26] INFO  o.e.m.c.i.embedder.EclipseLogger - Copying 0 resource
2019-06-11 22:15:58,887 [Worker-26] INFO  o.e.m.c.i.embedder.EclipseLogger - Copying 0 resource
2019-06-11 22:15:58,888 [Worker-26] INFO  o.e.m.c.i.embedder.EclipseLogger - Using 'UTF-8' encoding to copy filtered resources.
2019-06-11 22:15:58,888 [Worker-26] INFO  o.e.m.c.i.embedder.EclipseLogger - skip non existing resourceDirectory /Users/venubabukandimalla/Software/sts-ws4/samples/demo/src/test/resources
2019-06-11 22:16:26,490 [Worker-23] INFO  o.e.m.c.i.l.LifecycleMappingFactory - Using org.eclipse.m2e.jdt.JarLifecycleMapping lifecycle mapping for MavenProject: com.example:demo:0.0.1-SNAPSHOT @ /Users/venubabukandimalla/Software/sts-ws4/samples/demo/pom.xml.
2019-06-11 22:16:26,907 [Worker-23] INFO  o.e.m.c.i.embedder.EclipseLogger - Using 'UTF-8' encoding to copy filtered resources.
2019-06-11 22:16:26,909 [Worker-23] INFO  o.e.m.c.i.embedder.EclipseLogger - Copying 0 resource
2019-06-11 22:16:26,909 [Worker-23] INFO  o.e.m.c.i.embedder.EclipseLogger - Copying 0 resource
2019-06-11 22:16:26,911 [Worker-23] INFO  o.e.m.c.i.embedder.EclipseLogger - Using 'UTF-8' encoding to copy filtered resources.
2019-06-11 22:16:26,911 [Worker-23] INFO  o.e.m.c.i.embedder.EclipseLogger - skip non existing resourceDirectory /Users/venubabukandimalla/Software/sts-ws4/samples/demo/src/test/resources
2019-06-11 22:16:37,639 [Worker-21] INFO  o.e.m.i.launch.MavenLaunchDelegate - /Users/venubabukandimalla/Software/sts-ws4/samples/demo
2019-06-11 22:16:37,639 [Worker-21] INFO  o.e.m.i.launch.MavenLaunchDelegate -  mvn -Ppom.xml  -B test
2019-06-11 22:16:43,631 [Worker-26] INFO  o.e.m.c.i.embedder.EclipseLogger - Using 'UTF-8' encoding to copy filtered resources.
2019-06-11 22:16:43,632 [Worker-26] INFO  o.e.m.c.i.embedder.EclipseLogger - Copying 1 resource
2019-06-11 22:16:43,640 [Worker-26] INFO  o.e.m.c.i.embedder.EclipseLogger - Copying 0 resource
2019-06-11 22:16:43,641 [Worker-26] INFO  o.e.m.c.i.embedder.EclipseLogger - Using 'UTF-8' encoding to copy filtered resources.
2019-06-11 22:16:43,641 [Worker-26] INFO  o.e.m.c.i.embedder.EclipseLogger - skip non existing resourceDirectory /Users/venubabukandimalla/Software/sts-ws4/samples/demo/src/test/resources
2019-06-11 22:20:02,505 [Worker-15] INFO  o.e.m.c.i.l.LifecycleMappingFactory - Using org.eclipse.m2e.jdt.JarLifecycleMapping lifecycle mapping for MavenProject: com.example:demo:0.0.1-SNAPSHOT @ /Users/venubabukandimalla/Software/sts-ws4/samples/demo/pom.xml.
2019-06-11 22:20:02,887 [Worker-15] INFO  o.e.m.c.i.embedder.EclipseLogger - Using 'UTF-8' encoding to copy filtered resources.
2019-06-11 22:20:02,888 [Worker-15] INFO  o.e.m.c.i.embedder.EclipseLogger - Copying 0 resource
2019-06-11 22:20:02,889 [Worker-15] INFO  o.e.m.c.i.embedder.EclipseLogger - Copying 0 resource
2019-06-11 22:20:02,890 [Worker-15] INFO  o.e.m.c.i.embedder.EclipseLogger - Using 'UTF-8' encoding to copy filtered resources.
2019-06-11 22:20:02,890 [Worker-15] INFO  o.e.m.c.i.embedder.EclipseLogger - skip non existing resourceDirectory /Users/venubabukandimalla/Software/sts-ws4/samples/demo/src/test/resources
2019-06-11 22:20:18,986 [Worker-21] INFO  o.e.m.i.launch.MavenLaunchDelegate - /Users/venubabukandimalla/Software/sts-ws4/samples/demo
2019-06-11 22:20:18,986 [Worker-21] INFO  o.e.m.i.launch.MavenLaunchDelegate -  mvn -Ppom.xml  -B test
2019-06-11 22:20:24,368 [Worker-23] INFO  o.e.m.c.i.embedder.EclipseLogger - Using 'UTF-8' encoding to copy filtered resources.
2019-06-11 22:20:24,369 [Worker-23] INFO  o.e.m.c.i.embedder.EclipseLogger - Copying 1 resource
2019-06-11 22:20:24,377 [Worker-23] INFO  o.e.m.c.i.embedder.EclipseLogger - Copying 0 resource
2019-06-11 22:20:24,378 [Worker-23] INFO  o.e.m.c.i.embedder.EclipseLogger - Using 'UTF-8' encoding to copy filtered resources.
2019-06-11 22:20:24,378 [Worker-23] INFO  o.e.m.c.i.embedder.EclipseLogger - skip non existing resourceDirectory /Users/venubabukandimalla/Software/sts-ws4/samples/demo/src/test/resources
2019-06-11 22:21:40,118 [JavaFX Application Thread] INFO  o.e.m2e.actions.ExecutePomAction - Creating new launch configuration
2019-06-11 22:21:54,348 [Worker-28] INFO  o.e.m.i.launch.MavenLaunchDelegate - /Users/venubabukandimalla/Software/sts-ws4/samples/demo
2019-06-11 22:21:54,349 [Worker-28] INFO  o.e.m.i.launch.MavenLaunchDelegate -  mvn -Ppom.xml  -B clean compile test
2019-06-11 22:22:38,781 [JavaFX Application Thread] INFO  o.e.m2e.actions.ExecutePomAction - Using existing launch configuration
2019-06-11 22:22:38,830 [Worker-21] INFO  o.e.m.i.launch.MavenLaunchDelegate - /Users/venubabukandimalla/Software/sts-ws4/samples/demo
2019-06-11 22:22:38,830 [Worker-21] INFO  o.e.m.i.launch.MavenLaunchDelegate -  mvn -Ppom.xml  -B clean compile test
2019-06-11 22:22:55,798 [JavaFX Application Thread] INFO  o.e.m2e.actions.ExecutePomAction - Creating new launch configuration
2019-06-11 22:23:04,757 [Worker-15] INFO  o.e.m.i.launch.MavenLaunchDelegate - /Users/venubabukandimalla/Software/sts-ws4/samples/demo
2019-06-11 22:23:04,757 [Worker-15] INFO  o.e.m.i.launch.MavenLaunchDelegate -  mvn -Ppom.xml  -B clean compile test check
2019-06-11 22:24:09,126 [JavaFX Application Thread] INFO  o.e.m2e.actions.ExecutePomAction - Creating new launch configuration
2019-06-11 22:24:17,051 [Worker-23] INFO  o.e.m.i.launch.MavenLaunchDelegate - /Users/venubabukandimalla/Software/sts-ws4/samples/demo
2019-06-11 22:24:17,051 [Worker-23] INFO  o.e.m.i.launch.MavenLaunchDelegate -  mvn -Ppom.xml  -B clean compile test verify
2019-06-11 22:28:29,835 [Worker-35] INFO  o.e.m.c.i.l.LifecycleMappingFactory - Using org.eclipse.m2e.jdt.JarLifecycleMapping lifecycle mapping for MavenProject: com.example:demo:0.0.1-SNAPSHOT @ /Users/venubabukandimalla/Software/sts-ws4/samples/demo/pom.xml.
2019-06-11 22:28:30,325 [Worker-35] INFO  o.e.m.c.i.embedder.EclipseLogger - Using 'UTF-8' encoding to copy filtered resources.
2019-06-11 22:28:30,326 [Worker-35] INFO  o.e.m.c.i.embedder.EclipseLogger - Copying 0 resource
2019-06-11 22:28:30,327 [Worker-35] INFO  o.e.m.c.i.embedder.EclipseLogger - Copying 0 resource
2019-06-11 22:28:30,328 [Worker-35] INFO  o.e.m.c.i.embedder.EclipseLogger - Using 'UTF-8' encoding to copy filtered resources.
2019-06-11 22:28:30,328 [Worker-35] INFO  o.e.m.c.i.embedder.EclipseLogger - skip non existing resourceDirectory /Users/venubabukandimalla/Software/sts-ws4/samples/demo/src/test/resources
2019-06-11 22:28:36,345 [JavaFX Application Thread] INFO  o.e.m2e.actions.ExecutePomAction - Creating new launch configuration
2019-06-11 22:28:40,031 [Worker-15] INFO  o.e.m.i.launch.MavenLaunchDelegate - /Users/venubabukandimalla/Software/sts-ws4/samples/demo
2019-06-11 22:28:40,031 [Worker-15] INFO  o.e.m.i.launch.MavenLaunchDelegate -  mvn -Ppom.xml  -B clean verify
2019-06-11 22:32:04,030 [Worker-34] INFO  o.e.m.c.i.l.LifecycleMappingFactory - Using org.eclipse.m2e.jdt.JarLifecycleMapping lifecycle mapping for MavenProject: com.example:demo:0.0.1-SNAPSHOT @ /Users/venubabukandimalla/Software/sts-ws4/samples/demo/pom.xml.
2019-06-11 22:32:04,452 [Worker-34] INFO  o.e.m.c.i.embedder.EclipseLogger - Using 'UTF-8' encoding to copy filtered resources.
2019-06-11 22:32:04,454 [Worker-34] INFO  o.e.m.c.i.embedder.EclipseLogger - Copying 0 resource
2019-06-11 22:32:04,454 [Worker-34] INFO  o.e.m.c.i.embedder.EclipseLogger - Copying 0 resource
2019-06-11 22:32:04,455 [Worker-34] INFO  o.e.m.c.i.embedder.EclipseLogger - Using 'UTF-8' encoding to copy filtered resources.
2019-06-11 22:32:04,455 [Worker-34] INFO  o.e.m.c.i.embedder.EclipseLogger - skip non existing resourceDirectory /Users/venubabukandimalla/Software/sts-ws4/samples/demo/src/test/resources
2019-06-11 22:32:13,068 [JavaFX Application Thread] INFO  o.e.m2e.actions.ExecutePomAction - Creating new launch configuration
2019-06-11 22:32:16,947 [Worker-38] INFO  o.e.m.i.launch.MavenLaunchDelegate - /Users/venubabukandimalla/Software/sts-ws4/samples/demo
2019-06-11 22:32:16,947 [Worker-38] INFO  o.e.m.i.launch.MavenLaunchDelegate -  mvn -Ppom.xml  -B clean verify
2019-06-11 22:32:49,987 [JavaFX Application Thread] INFO  o.e.m2e.actions.ExecutePomAction - Creating new launch configuration
2019-06-11 22:32:56,264 [Worker-40] INFO  o.e.m.i.launch.MavenLaunchDelegate - /Users/venubabukandimalla/Software/sts-ws4/samples/demo
2019-06-11 22:32:56,265 [Worker-40] INFO  o.e.m.i.launch.MavenLaunchDelegate -  mvn -Ppom.xml  -B clean verify site
2019-06-11 22:34:07,648 [Worker-40] INFO  o.e.m.c.i.l.LifecycleMappingFactory - Using org.eclipse.m2e.jdt.JarLifecycleMapping lifecycle mapping for MavenProject: com.example:demo:0.0.1-SNAPSHOT @ /Users/venubabukandimalla/Software/sts-ws4/samples/demo/pom.xml.
2019-06-11 22:34:08,043 [Worker-40] INFO  o.e.m.c.i.embedder.EclipseLogger - Using 'UTF-8' encoding to copy filtered resources.
2019-06-11 22:34:08,045 [Worker-40] INFO  o.e.m.c.i.embedder.EclipseLogger - Copying 0 resource
2019-06-11 22:34:08,045 [Worker-40] INFO  o.e.m.c.i.embedder.EclipseLogger - Copying 0 resource
2019-06-11 22:34:08,047 [Worker-40] INFO  o.e.m.c.i.embedder.EclipseLogger - Using 'UTF-8' encoding to copy filtered resources.
2019-06-11 22:34:08,047 [Worker-40] INFO  o.e.m.c.i.embedder.EclipseLogger - skip non existing resourceDirectory /Users/venubabukandimalla/Software/sts-ws4/samples/demo/src/test/resources
2019-06-11 22:34:11,464 [JavaFX Application Thread] INFO  o.e.m2e.actions.ExecutePomAction - Creating new launch configuration
2019-06-11 22:34:13,133 [Worker-39] INFO  o.e.m.i.launch.MavenLaunchDelegate - /Users/venubabukandimalla/Software/sts-ws4/samples/demo
2019-06-11 22:34:13,133 [Worker-39] INFO  o.e.m.i.launch.MavenLaunchDelegate -  mvn -Ppom.xml  -B site
2019-06-11 22:37:03,351 [Worker-1] INFO  o.e.m.c.i.l.LifecycleMappingFactory - Using org.eclipse.m2e.jdt.JarLifecycleMapping lifecycle mapping for MavenProject: com.example:demo:0.0.1-SNAPSHOT @ /Users/venubabukandimalla/Software/sts-ws4/samples/demo/pom.xml.
2019-06-11 22:37:04,398 [Worker-1] INFO  o.e.m.c.i.embedder.EclipseLogger - Using 'UTF-8' encoding to copy filtered resources.
2019-06-11 22:37:04,401 [Worker-1] INFO  o.e.m.c.i.embedder.EclipseLogger - Copying 1 resource
2019-06-11 22:37:04,413 [Worker-1] INFO  o.e.m.c.i.embedder.EclipseLogger - Copying 0 resource
2019-06-11 22:37:04,416 [Worker-1] INFO  o.e.m.c.i.embedder.EclipseLogger - Using 'UTF-8' encoding to copy filtered resources.
2019-06-11 22:37:04,416 [Worker-1] INFO  o.e.m.c.i.embedder.EclipseLogger - skip non existing resourceDirectory /Users/venubabukandimalla/Software/sts-ws4/samples/demo/src/test/resources
2019-06-11 22:37:06,371 [Worker-6] INFO  o.e.m.c.i.l.LifecycleMappingFactory - Using org.eclipse.m2e.jdt.JarLifecycleMapping lifecycle mapping for MavenProject: com.example:demo:0.0.1-SNAPSHOT @ /Users/venubabukandimalla/Software/sts-ws4/samples/demo/pom.xml.
2019-06-11 22:37:08,266 [Worker-5] INFO  o.e.m.c.i.embedder.EclipseLogger - Using 'UTF-8' encoding to copy filtered resources.
2019-06-11 22:37:08,268 [Worker-5] INFO  o.e.m.c.i.embedder.EclipseLogger - Copying 0 resource
2019-06-11 22:37:08,269 [Worker-5] INFO  o.e.m.c.i.embedder.EclipseLogger - Copying 0 resource
2019-06-11 22:37:08,271 [Worker-5] INFO  o.e.m.c.i.embedder.EclipseLogger - Using 'UTF-8' encoding to copy filtered resources.
2019-06-11 22:37:08,271 [Worker-5] INFO  o.e.m.c.i.embedder.EclipseLogger - skip non existing resourceDirectory /Users/venubabukandimalla/Software/sts-ws4/samples/demo/src/test/resources
